<?xml version="1.0" encoding="UTF-8"?>
<!-- Generated by org.testng.reporters.JUnitXMLReporter -->
<testsuite hostname="Dayanand-PC" ignored="0" name="Test1" tests="1" failures="0" timestamp="13 Apr 2017 15:04:12 GMT" time="0.057" errors="0">
  <testcase name="@BeforeMethod precondition" time="0.0" classname="com.Generic.Base_Test">
    <failure type="java.lang.NoClassDefFoundError" message="com/google/common/base/Function">
      <![CDATA[java.lang.NoClassDefFoundError: com/google/common/base/Function
	at com.Generic.Base_Test.precondition(Base_Test.java:36)
	at java.util.concurrent.FutureTask.run(Unknown Source)
	at java.util.concurrent.ThreadPoolExecutor.runWorker(Unknown Source)
	at java.util.concurrent.ThreadPoolExecutor$Worker.run(Unknown Source)
	at java.lang.Thread.run(Unknown Source)
Caused by: java.lang.ClassNotFoundException: com.google.common.base.Function
	at java.net.URLClassLoader.findClass(Unknown Source)
	at java.lang.ClassLoader.loadClass(Unknown Source)
	at sun.misc.Launcher$AppClassLoader.loadClass(Unknown Source)
	at java.lang.ClassLoader.loadClass(Unknown Source)
	... 23 more
... Removed 18 stack frames]]>
    </failure>
  </testcase> <!-- @BeforeMethod precondition -->
  <testcase name="@BeforeMethod precondition" time="0.0" classname="com.Generic.Base_Test">
    <failure type="java.lang.NoClassDefFoundError" message="com/google/common/base/Function">
      <![CDATA[java.lang.NoClassDefFoundError: com/google/common/base/Function
	at com.Generic.Base_Test.precondition(Base_Test.java:25)
	at java.util.concurrent.FutureTask.run(Unknown Source)
	at java.util.concurrent.ThreadPoolExecutor.runWorker(Unknown Source)
	at java.util.concurrent.ThreadPoolExecutor$Worker.run(Unknown Source)
	at java.lang.Thread.run(Unknown Source)
Caused by: java.lang.ClassNotFoundException: com.google.common.base.Function
	at java.net.URLClassLoader.findClass(Unknown Source)
	at java.lang.ClassLoader.loadClass(Unknown Source)
	at sun.misc.Launcher$AppClassLoader.loadClass(Unknown Source)
	at java.lang.ClassLoader.loadClass(Unknown Source)
	... 23 more
... Removed 18 stack frames]]>
    </failure>
  </testcase> <!-- @BeforeMethod precondition -->
  <testcase name="@AfterMethod postcondition" time="0.0" classname="com.Generic.Base_Test">
    <skipped/>
  </testcase> <!-- @AfterMethod postcondition -->
  <testcase name="@AfterMethod postcondition" time="0.0" classname="com.Generic.Base_Test">
    <skipped/>
  </testcase> <!-- @AfterMethod postcondition -->
  <testcase name="login_action" time="0.001" classname="com.Scripts.Login_script">
    <skipped/>
  </testcase> <!-- login_action -->
</testsuite> <!-- Test1 -->
