<?xml version="1.0" encoding="UTF-8"?>
<testsuite xmlns:xsi="http://www.w3.org/2001/XMLSchema-instance" xsi:schemaLocation="https://maven.apache.org/surefire/maven-surefire-plugin/xsd/surefire-test-report.xsd" name="TestSuite" time="0.608" tests="9" errors="0" skipped="6" failures="3">
  <properties>
[...]
</properties>
  <testcase name="precondition" classname="com.Scripts.Login_script" time="0.423">
    <failure message="com/google/common/base/Function" type="java.lang.NoClassDefFoundError">java.lang.NoClassDefFoundError: com/google/common/base/Function
Caused by: java.lang.ClassNotFoundException: com.google.common.base.Function
</failure>
  </testcase>
  <testcase name="precondition" classname="com.Scripts.Login_script" time="0.424">
    <failure message="com/google/common/base/Function" type="java.lang.NoClassDefFoundError">java.lang.NoClassDefFoundError: com/google/common/base/Function
Caused by: java.lang.ClassNotFoundException: com.google.common.base.Function
</failure>
  </testcase>
  <testcase name="precondition" classname="com.Scripts.Login_script" time="0">
    <failure message="com/google/common/base/Function" type="java.lang.NoClassDefFoundError">java.lang.NoClassDefFoundError: com/google/common/base/Function
Caused by: java.lang.ClassNotFoundException: com.google.common.base.Function
</failure>
  </testcase>
  <testcase name="login_action" classname="com.Scripts.Login_script" time="0">
    <skipped/>
  </testcase>
  <testcase name="login_action" classname="com.Scripts.Login_script" time="0">
    <skipped/>
  </testcase>
  <testcase name="login_action" classname="com.Scripts.Login_script" time="0">
    <skipped/>
  </testcase>
  <testcase name="postcondition" classname="com.Scripts.Login_script" time="0">
    <skipped/>
  </testcase>
  <testcase name="postcondition" classname="com.Scripts.Login_script" time="0">
    <skipped/>
  </testcase>
  <testcase name="postcondition" classname="com.Scripts.Login_script" time="0">
    <skipped/>
  </testcase>
</testsuite>