<?xml version="1.0" encoding="UTF-8"?>
<testsuite xmlns:xsi="http://www.w3.org/2001/XMLSchema-instance" xsi:schemaLocation="https://maven.apache.org/surefire/maven-surefire-plugin/xsd/surefire-test-report.xsd" name="TestSuite" time="0.608" tests="9" errors="0" skipped="6" failures="3">
  <properties>
    <property name="java.runtime.name" value="Java(TM) SE Runtime Environment"/>
    <property name="sun.boot.library.path" value="C:\Program Files\Java\jre1.8.0_121\bin"/>
    <property name="java.vm.version" value="25.121-b13"/>
    <property name="java.vm.vendor" value="Oracle Corporation"/>
    <property name="maven.multiModuleProjectDirectory" value="D:\Workspace_7.4.17\Actitime"/>
    <property name="java.vendor.url" value="http://java.oracle.com/"/>
    <property name="path.separator" value=";"/>
    <property name="guice.disable.misplaced.annotation.check" value="true"/>
    <property name="java.vm.name" value="Java HotSpot(TM) 64-Bit Server VM"/>
    <property name="file.encoding.pkg" value="sun.io"/>
    <property name="user.script" value=""/>
    <property name="user.country" value="IN"/>
    <property name="sun.java.launcher" value="SUN_STANDARD"/>
    <property name="sun.os.patch.level" value="Service Pack 1"/>
    <property name="java.vm.specification.name" value="Java Virtual Machine Specification"/>
    <property name="user.dir" value="D:\Workspace_7.4.17\Actitime"/>
    <property name="java.runtime.version" value="1.8.0_121-b13"/>
    <property name="java.awt.graphicsenv" value="sun.awt.Win32GraphicsEnvironment"/>
    <property name="java.endorsed.dirs" value="C:\Program Files\Java\jre1.8.0_121\lib\endorsed"/>
    <property name="os.arch" value="amd64"/>
    <property name="java.io.tmpdir" value="C:\Users\Dayanand\AppData\Local\Temp\"/>
    <property name="line.separator" value="&#10;"/>
    <property name="java.vm.specification.vendor" value="Oracle Corporation"/>
    <property name="user.variant" value=""/>
    <property name="os.name" value="Windows 7"/>
    <property name="classworlds.conf" value="D:\Workspace_7.4.17\.metadata\.plugins\org.eclipse.m2e.launching\launches\m2conf2248818287474781259.tmp"/>
    <property name="sun.jnu.encoding" value="Cp1252"/>
    <property name="java.library.path" value="C:\Program Files\Java\jre1.8.0_121\bin;C:\Windows\Sun\Java\bin;C:\Windows\system32;C:\Windows;C:/Program Files/Java/jre1.8.0_121/bin/server;C:/Program Files/Java/jre1.8.0_121/bin;C:/Program Files/Java/jre1.8.0_121/lib/amd64;C:\ProgramData\Oracle\Java\javapath;C:\Program Files\Java\jdk1.8.0_102\bin;C:\SDK\tools;C:\SDK\platform-tools;C:\Program Files (x86)\Common Files\lenovo\easyplussdk\bin;C:\Program Files\Git\bin;C:\apache-maven-3.3.9-bin\apache-maven-3.3.9\bin;C:\Program Files\Intel\WiFi\bin\;C:\Program Files\Common Files\Intel\WirelessCommon\;C:\Users\Dayanand\AppData\Roaming\npm;C:\Program Files\Java\jdk1.8.0_102\bin;;D:\Windows_Dayanand\softwares\eclipse-java-oxygen-M3-win32-x86_64\eclipse;;."/>
    <property name="java.specification.name" value="Java Platform API Specification"/>
    <property name="java.class.version" value="52.0"/>
    <property name="sun.management.compiler" value="HotSpot 64-Bit Tiered Compilers"/>
    <property name="os.version" value="6.1"/>
    <property name="user.home" value="C:\Users\Dayanand"/>
    <property name="user.timezone" value="Asia/Calcutta"/>
    <property name="java.awt.printerjob" value="sun.awt.windows.WPrinterJob"/>
    <property name="java.specification.version" value="1.8"/>
    <property name="file.encoding" value="Cp1252"/>
    <property name="user.name" value="Dayanand"/>
    <property name="java.class.path" value="/D:/Windows_Dayanand/softwares/eclipse-java-oxygen-M3-win32-x86_64/eclipse/plugins/org.eclipse.m2e.maven.runtime_1.8.0.20160921-2001/jars/plexus-classworlds-2.5.2.jar"/>
    <property name="java.vm.specification.version" value="1.8"/>
    <property name="sun.arch.data.model" value="64"/>
    <property name="java.home" value="C:\Program Files\Java\jre1.8.0_121"/>
    <property name="sun.java.command" value="org.codehaus.plexus.classworlds.launcher.Launcher -B install"/>
    <property name="java.specification.vendor" value="Oracle Corporation"/>
    <property name="user.language" value="en"/>
    <property name="awt.toolkit" value="sun.awt.windows.WToolkit"/>
    <property name="java.vm.info" value="mixed mode"/>
    <property name="java.version" value="1.8.0_121"/>
    <property name="java.ext.dirs" value="C:\Program Files\Java\jre1.8.0_121\lib\ext;C:\Windows\Sun\Java\lib\ext"/>
    <property name="sun.boot.class.path" value="C:\Program Files\Java\jre1.8.0_121\lib\resources.jar;C:\Program Files\Java\jre1.8.0_121\lib\rt.jar;C:\Program Files\Java\jre1.8.0_121\lib\sunrsasign.jar;C:\Program Files\Java\jre1.8.0_121\lib\jsse.jar;C:\Program Files\Java\jre1.8.0_121\lib\jce.jar;C:\Program Files\Java\jre1.8.0_121\lib\charsets.jar;C:\Program Files\Java\jre1.8.0_121\lib\jfr.jar;C:\Program Files\Java\jre1.8.0_121\classes"/>
    <property name="java.vendor" value="Oracle Corporation"/>
    <property name="maven.home" value="D:\Workspace_7.4.17\Actitime\EMBEDDED"/>
    <property name="file.separator" value="\"/>
    <property name="java.vendor.url.bug" value="http://bugreport.sun.com/bugreport/"/>
    <property name="sun.cpu.endian" value="little"/>
    <property name="sun.io.unicode.encoding" value="UnicodeLittle"/>
    <property name="sun.desktop" value="windows"/>
    <property name="sun.cpu.isalist" value="amd64"/>
  </properties>
  <testcase name="precondition" classname="com.Scripts.Login_script" time="0.423">
    <failure message="com/google/common/base/Function" type="java.lang.NoClassDefFoundError">java.lang.NoClassDefFoundError: com/google/common/base/Function
Caused by: java.lang.ClassNotFoundException: com.google.common.base.Function
</failure>
  </testcase>
  <testcase name="precondition" classname="com.Scripts.Login_script" time="0.424">
    <failure message="com/google/common/base/Function" type="java.lang.NoClassDefFoundError">java.lang.NoClassDefFoundError: com/google/common/base/Function
Caused by: java.lang.ClassNotFoundException: com.google.common.base.Function
</failure>
  </testcase>
  <testcase name="precondition" classname="com.Scripts.Login_script" time="0">
    <failure message="com/google/common/base/Function" type="java.lang.NoClassDefFoundError">java.lang.NoClassDefFoundError: com/google/common/base/Function
Caused by: java.lang.ClassNotFoundException: com.google.common.base.Function
</failure>
  </testcase>
  <testcase name="login_action" classname="com.Scripts.Login_script" time="0">
    <skipped/>
  </testcase>
  <testcase name="login_action" classname="com.Scripts.Login_script" time="0">
    <skipped/>
  </testcase>
  <testcase name="login_action" classname="com.Scripts.Login_script" time="0">
    <skipped/>
  </testcase>
  <testcase name="postcondition" classname="com.Scripts.Login_script" time="0">
    <skipped/>
  </testcase>
  <testcase name="postcondition" classname="com.Scripts.Login_script" time="0">
    <skipped/>
  </testcase>
  <testcase name="postcondition" classname="com.Scripts.Login_script" time="0">
    <skipped/>
  </testcase>
</testsuite>